23:01:16: [INFO] [C:\Users\Hanxi\wargbootcamp\autonomy-bootcamp-2025-p2\modules\heartbeat\heartbeat_receiver_worker.py | heartbeat_receiver_worker | 47] Logger initialized
23:01:16: [INFO] [C:\Users\Hanxi\wargbootcamp\autonomy-bootcamp-2025-p2\modules\heartbeat\heartbeat_receiver_worker.py | heartbeat_receiver_worker | 58] Heartbeat Receiver Created
23:01:16: [INFO] [C:\Users\Hanxi\wargbootcamp\autonomy-bootcamp-2025-p2\modules\heartbeat\heartbeat_receiver.py | run | 61] CONNECTED. Heartbeat Received.
23:01:17: [INFO] [C:\Users\Hanxi\wargbootcamp\autonomy-bootcamp-2025-p2\modules\heartbeat\heartbeat_receiver.py | run | 61] CONNECTED. Heartbeat Received.
23:01:18: [INFO] [C:\Users\Hanxi\wargbootcamp\autonomy-bootcamp-2025-p2\modules\heartbeat\heartbeat_receiver.py | run | 61] CONNECTED. Heartbeat Received.
23:01:19: [INFO] [C:\Users\Hanxi\wargbootcamp\autonomy-bootcamp-2025-p2\modules\heartbeat\heartbeat_receiver.py | run | 61] CONNECTED. Heartbeat Received.
23:01:20: [INFO] [C:\Users\Hanxi\wargbootcamp\autonomy-bootcamp-2025-p2\modules\heartbeat\heartbeat_receiver.py | run | 61] CONNECTED. Heartbeat Received.
23:01:21: [WARNING] [C:\Users\Hanxi\wargbootcamp\autonomy-bootcamp-2025-p2\modules\heartbeat\heartbeat_receiver.py | run | 64] Missed Heartbeat!
23:01:21: [ERROR] [C:\Users\Hanxi\wargbootcamp\autonomy-bootcamp-2025-p2\modules\heartbeat\heartbeat_receiver.py | run | 69] CONNECTED. Heartbeat missed.
23:01:22: [WARNING] [C:\Users\Hanxi\wargbootcamp\autonomy-bootcamp-2025-p2\modules\heartbeat\heartbeat_receiver.py | run | 64] Missed Heartbeat!
23:01:22: [ERROR] [C:\Users\Hanxi\wargbootcamp\autonomy-bootcamp-2025-p2\modules\heartbeat\heartbeat_receiver.py | run | 69] CONNECTED. Heartbeat missed.
23:01:23: [WARNING] [C:\Users\Hanxi\wargbootcamp\autonomy-bootcamp-2025-p2\modules\heartbeat\heartbeat_receiver.py | run | 64] Missed Heartbeat!
23:01:23: [ERROR] [C:\Users\Hanxi\wargbootcamp\autonomy-bootcamp-2025-p2\modules\heartbeat\heartbeat_receiver.py | run | 69] CONNECTED. Heartbeat missed.
23:01:24: [WARNING] [C:\Users\Hanxi\wargbootcamp\autonomy-bootcamp-2025-p2\modules\heartbeat\heartbeat_receiver.py | run | 64] Missed Heartbeat!
23:01:24: [ERROR] [C:\Users\Hanxi\wargbootcamp\autonomy-bootcamp-2025-p2\modules\heartbeat\heartbeat_receiver.py | run | 69] CONNECTED. Heartbeat missed.
23:01:26: [WARNING] [C:\Users\Hanxi\wargbootcamp\autonomy-bootcamp-2025-p2\modules\heartbeat\heartbeat_receiver.py | run | 64] Missed Heartbeat!
23:01:26: [ERROR] [C:\Users\Hanxi\wargbootcamp\autonomy-bootcamp-2025-p2\modules\heartbeat\heartbeat_receiver.py | run | 66] DISCONNECTED due to 5 or more missed heartbeats!
23:01:27: [WARNING] [C:\Users\Hanxi\wargbootcamp\autonomy-bootcamp-2025-p2\modules\heartbeat\heartbeat_receiver.py | run | 64] Missed Heartbeat!
23:01:27: [ERROR] [C:\Users\Hanxi\wargbootcamp\autonomy-bootcamp-2025-p2\modules\heartbeat\heartbeat_receiver.py | run | 66] DISCONNECTED due to 5 or more missed heartbeats!
23:01:28: [WARNING] [C:\Users\Hanxi\wargbootcamp\autonomy-bootcamp-2025-p2\modules\heartbeat\heartbeat_receiver.py | run | 64] Missed Heartbeat!
23:01:28: [ERROR] [C:\Users\Hanxi\wargbootcamp\autonomy-bootcamp-2025-p2\modules\heartbeat\heartbeat_receiver.py | run | 66] DISCONNECTED due to 5 or more missed heartbeats!
23:01:29: [INFO] [C:\Users\Hanxi\wargbootcamp\autonomy-bootcamp-2025-p2\modules\heartbeat\heartbeat_receiver.py | run | 61] CONNECTED. Heartbeat Received.
23:01:30: [INFO] [C:\Users\Hanxi\wargbootcamp\autonomy-bootcamp-2025-p2\modules\heartbeat\heartbeat_receiver.py | run | 61] CONNECTED. Heartbeat Received.
23:01:31: [INFO] [C:\Users\Hanxi\wargbootcamp\autonomy-bootcamp-2025-p2\modules\heartbeat\heartbeat_receiver.py | run | 61] CONNECTED. Heartbeat Received.
23:01:32: [INFO] [C:\Users\Hanxi\wargbootcamp\autonomy-bootcamp-2025-p2\modules\heartbeat\heartbeat_receiver.py | run | 61] CONNECTED. Heartbeat Received.
23:01:33: [INFO] [C:\Users\Hanxi\wargbootcamp\autonomy-bootcamp-2025-p2\modules\heartbeat\heartbeat_receiver.py | run | 61] CONNECTED. Heartbeat Received.
23:01:34: [WARNING] [C:\Users\Hanxi\wargbootcamp\autonomy-bootcamp-2025-p2\modules\heartbeat\heartbeat_receiver.py | run | 64] Missed Heartbeat!
23:01:34: [ERROR] [C:\Users\Hanxi\wargbootcamp\autonomy-bootcamp-2025-p2\modules\heartbeat\heartbeat_receiver.py | run | 69] CONNECTED. Heartbeat missed.
23:01:35: [INFO] [C:\Users\Hanxi\wargbootcamp\autonomy-bootcamp-2025-p2\modules\heartbeat\heartbeat_receiver.py | run | 61] CONNECTED. Heartbeat Received.
23:01:36: [WARNING] [C:\Users\Hanxi\wargbootcamp\autonomy-bootcamp-2025-p2\modules\heartbeat\heartbeat_receiver.py | run | 64] Missed Heartbeat!
23:01:36: [ERROR] [C:\Users\Hanxi\wargbootcamp\autonomy-bootcamp-2025-p2\modules\heartbeat\heartbeat_receiver.py | run | 69] CONNECTED. Heartbeat missed.
23:01:37: [WARNING] [C:\Users\Hanxi\wargbootcamp\autonomy-bootcamp-2025-p2\modules\heartbeat\heartbeat_receiver.py | run | 64] Missed Heartbeat!
23:01:37: [ERROR] [C:\Users\Hanxi\wargbootcamp\autonomy-bootcamp-2025-p2\modules\heartbeat\heartbeat_receiver.py | run | 69] CONNECTED. Heartbeat missed.
23:01:38: [WARNING] [C:\Users\Hanxi\wargbootcamp\autonomy-bootcamp-2025-p2\modules\heartbeat\heartbeat_receiver.py | run | 64] Missed Heartbeat!
23:01:38: [ERROR] [C:\Users\Hanxi\wargbootcamp\autonomy-bootcamp-2025-p2\modules\heartbeat\heartbeat_receiver.py | run | 69] CONNECTED. Heartbeat missed.
